<?xml version="1.0" encoding="UTF-8"?>
<!-- Generated by org.testng.reporters.JUnitReportReporter -->
<testsuite hostname="DESKTOP-SFCS5A8" failures="0" tests="5" name="BlizzardTest" time="151.897" errors="0" timestamp="2022-01-17T15:09:07 CET" skipped="0">
  <testcase classname="BlizzardTest" name="searchGameTest" time="21.752"/>
  <system-out/>
  <testcase classname="BlizzardTest" name="searchLatestNewsInGameTest" time="32.165"/>
  <system-out/>
  <testcase classname="BlizzardTest" name="findGameRequirementsInShopTest" time="31.717"/>
  <system-out/>
  <testcase classname="BlizzardTest" name="searchEsportScheduleTest" time="29.718"/>
  <system-out/>
  <testcase classname="BlizzardTest" name="fillContactSupportTicketTest" time="36.545"/>
  <system-out/>
</testsuite> <!-- BlizzardTest -->
